<?xml version="1.0" encoding="UTF-8" ?>
<testsuite tests="4" failures="0" name="io.github.stepio.jgforms.ConfigurationTest" time="0.003" errors="0" skipped="0">
  <properties>
[...]
</properties>
  <testcase classname="io.github.stepio.jgforms.ConfigurationTest" name="getReadTimeoutEqualsSet" time="0.002"/>
  <testcase classname="io.github.stepio.jgforms.ConfigurationTest" name="getReadTimeoutEqualsDefault" time="0"/>
  <testcase classname="io.github.stepio.jgforms.ConfigurationTest" name="getConnectTimeoutEqualsDefault" time="0.001"/>
  <testcase classname="io.github.stepio.jgforms.ConfigurationTest" name="getConnectTimeoutEqualsSet" time="0"/>
</testsuite>